#
# There is insufficient memory for the Java Runtime Environment to continue.
# Native memory allocation (mmap) failed to map 134217728 bytes for Failed to commit area from 0x0000000080800000 to 0x0000000088800000 of length 134217728.
# Possible reasons:
#   The system is out of physical RAM or swap space
#   The process is running with CompressedOops enabled, and the Java Heap may be blocking the growth of the native heap
# Possible solutions:
#   Reduce memory load on the system
#   Increase physical memory or swap space
#   Check if swap backing store is full
#   Decrease Java heap size (-Xmx/-Xms)
#   Decrease number of Java threads
#   Decrease Java thread stack sizes (-Xss)
#   Set larger code cache with -XX:ReservedCodeCacheSize=
#   JVM is running with Unscaled Compressed Oops mode in which the Java heap is
#     placed in the first 4GB address space. The Java Heap base address is the
#     maximum limit for the native heap growth. Please use -XX:HeapBaseMinAddress
#     to set the Java Heap base and to place the Java Heap above 4GB virtual address.
# This output file may be truncated or incomplete.
#
#  Out of Memory Error (./open/src/hotspot/os/windows/os_windows.cpp:3315), pid=12080, tid=12164
#
# JRE version:  (14.0.2+12) (build )
# Java VM: Java HotSpot(TM) 64-Bit Server VM (14.0.2+12-46, mixed mode, sharing, tiered, compressed oops, g1 gc, windows-amd64)
# No core dump will be written. Minidumps are not enabled by default on client versions of Windows
#

---------------  S U M M A R Y ------------

Command Line: -Dfile.encoding=UTF-8 GUI.MainForm

Host: Intel(R) Core(TM) i3-2130 CPU @ 3.40GHz, 4 cores, 7G,  Windows 10 , 64 bit Build 19041 (10.0.19041.292)
Time: Thu Sep 24 17:20:34 2020 SE Asia Standard Time elapsed time: 0 seconds (0d 0h 0m 0s)

---------------  T H R E A D  ---------------

Current thread (0x0000024df12d3800):  JavaThread "Unknown thread" [_thread_in_vm, id=12164, stack(0x000000bd8d300000,0x000000bd8d400000)]

Stack: [0x000000bd8d300000,0x000000bd8d400000]
Native frames: (J=compiled Java code, j=interpreted, Vv=VM code, C=native code)
V  [jvm.dll+0x5f8a9a]
V  [jvm.dll+0x74247a]
V  [jvm.dll+0x743c2f]
V  [jvm.dll+0x744273]
V  [jvm.dll+0x20d288]
V  [jvm.dll+0x5f5dea]
V  [jvm.dll+0x5eac45]
V  [jvm.dll+0x2c7e9c]
V  [jvm.dll+0x2c7cd2]
V  [jvm.dll+0x2cdbbc]
V  [jvm.dll+0x313fe8]
V  [jvm.dll+0x313710]
V  [jvm.dll+0x2a092a]
V  [jvm.dll+0x2a1a79]
V  [jvm.dll+0x71fd48]
V  [jvm.dll+0x321c14]
V  [jvm.dll+0x70112c]
V  [jvm.dll+0x392def]
V  [jvm.dll+0x394e61]
C  [jli.dll+0x524b]
C  [ucrtbase.dll+0x214c2]
C  [KERNEL32.DLL+0x16fd4]
C  [ntdll.dll+0x4cec1]


---------------  P R O C E S S  ---------------

Threads class SMR info:
_java_thread_list=0x00007ff8ff1f3038, length=0, elements={
}

Java Threads: ( => current thread )

Other Threads:
  0x0000024df1319000 GCTaskThread "GC Thread#0" [stack: 0x000000bd8d400000,0x000000bd8d500000] [id=944]
  0x0000024df132c800 ConcurrentGCThread "G1 Main Marker" [stack: 0x000000bd8d500000,0x000000bd8d600000] [id=14536]
  0x0000024df132f800 ConcurrentGCThread "G1 Conc#0" [stack: 0x000000bd8d600000,0x000000bd8d700000] [id=11652]

[error occurred during error reporting (printing all threads), id 0xc0000005, EXCEPTION_ACCESS_VIOLATION (0xc0000005) at pc=0x00007ff8fea21257]

VM state:not at safepoint (not fully initialized)

VM Mutex/Monitor currently owned by a thread:  ([mutex/lock_event])
[0x0000024df12d0560] Heap_lock - owner thread: 0x0000024df12d3800

Heap address: 0x0000000080800000, size: 2040 MB, Compressed Oops mode: 32-bit
Narrow klass base: 0x0000000000000000, Narrow klass shift: 0

GC Heap History (0 events):
No events

Deoptimization events (0 events):
No events

Classes unloaded (0 events):
No events

Classes redefined (0 events):
No events

Internal exceptions (0 events):
No events

Events (2 events):
Event: 0.028 Loaded shared library C:\Program Files\Java\jdk-14.0.2\bin\java.dll
Event: 0.029 Loaded shared library C:\Program Files\Java\jdk-14.0.2\bin\zip.dll


Dynamic libraries:
0x00007ff77fa50000 - 0x00007ff77fa5f000 	C:\Program Files\Java\jdk-14.0.2\bin\javaw.exe
0x00007ff95a6f0000 - 0x00007ff95a8e5000 	C:\Windows\SYSTEM32\ntdll.dll
0x00007ff9591b0000 - 0x00007ff95926d000 	C:\Windows\System32\KERNEL32.DLL
0x00007ff9580d0000 - 0x00007ff958397000 	C:\Windows\System32\KERNELBASE.dll
0x00007ff957e60000 - 0x00007ff957f60000 	C:\Windows\System32\ucrtbase.dll
0x00007ff955640000 - 0x00007ff955658000 	C:\Program Files\Java\jdk-14.0.2\bin\jli.dll
0x00007ff959950000 - 0x00007ff9599fa000 	C:\Windows\System32\ADVAPI32.dll
0x00007ff95a610000 - 0x00007ff95a6ae000 	C:\Windows\System32\msvcrt.dll
0x00007ff959cd0000 - 0x00007ff959d6b000 	C:\Windows\System32\sechost.dll
0x00007ff95a4b0000 - 0x00007ff95a5d4000 	C:\Windows\System32\RPCRT4.dll
0x00007ff958750000 - 0x00007ff9588f0000 	C:\Windows\System32\USER32.dll
0x00007ff958440000 - 0x00007ff958462000 	C:\Windows\System32\win32u.dll
0x00007ff9597f0000 - 0x00007ff95981a000 	C:\Windows\System32\GDI32.dll
0x00007ff957f60000 - 0x00007ff958069000 	C:\Windows\System32\gdi32full.dll
0x00007ff9583a0000 - 0x00007ff95843d000 	C:\Windows\System32\msvcp_win.dll
0x00007ff953b30000 - 0x00007ff953b45000 	C:\Program Files\Java\jdk-14.0.2\bin\VCRUNTIME140.dll
0x00007ff94bd60000 - 0x00007ff94bffb000 	C:\Windows\WinSxS\amd64_microsoft.windows.common-controls_6595b64144ccf1df_6.0.19041.488_none_ca04af081b815d21\COMCTL32.dll
0x00007ff951d40000 - 0x00007ff951d4a000 	C:\Windows\SYSTEM32\VERSION.dll
0x00007ff95a5e0000 - 0x00007ff95a610000 	C:\Windows\System32\IMM32.DLL
0x00007ff92a590000 - 0x00007ff92a62b000 	C:\Program Files\Java\jdk-14.0.2\bin\msvcp140.dll
0x00007ff8fe770000 - 0x00007ff8ff28e000 	C:\Program Files\Java\jdk-14.0.2\bin\server\jvm.dll
0x00007ff95a090000 - 0x00007ff95a098000 	C:\Windows\System32\PSAPI.DLL
0x00007ff950a10000 - 0x00007ff950a19000 	C:\Windows\SYSTEM32\WSOCK32.dll
0x00007ff959b20000 - 0x00007ff959b8b000 	C:\Windows\System32\WS2_32.dll
0x00007ff950370000 - 0x00007ff950397000 	C:\Windows\SYSTEM32\WINMM.dll
0x00007ff955db0000 - 0x00007ff955dc3000 	C:\Windows\SYSTEM32\kernel.appcore.dll
0x00007ff930800000 - 0x00007ff93080a000 	C:\Program Files\Java\jdk-14.0.2\bin\jimage.dll
0x00007ff944e80000 - 0x00007ff945064000 	C:\Windows\SYSTEM32\DBGHELP.DLL
0x00007ff944e50000 - 0x00007ff944e7c000 	C:\Windows\SYSTEM32\dbgcore.DLL
0x00007ff9584c0000 - 0x00007ff95853f000 	C:\Windows\System32\bcryptPrimitives.dll
0x00007ff928cd0000 - 0x00007ff928cf5000 	C:\Program Files\Java\jdk-14.0.2\bin\java.dll
0x00007ff928cb0000 - 0x00007ff928cc6000 	C:\Program Files\Java\jdk-14.0.2\bin\zip.dll

dbghelp: loaded successfully - version: 4.0.5 - missing functions: none
symbol engine: initialized successfully - sym options: 0x614 - pdb path: .;C:\Program Files\Java\jdk-14.0.2\bin;C:\Windows\SYSTEM32;C:\Windows\WinSxS\amd64_microsoft.windows.common-controls_6595b64144ccf1df_6.0.19041.488_none_ca04af081b815d21;C:\Program Files\Java\jdk-14.0.2\bin\server

VM Arguments:
jvm_args: -Dfile.encoding=UTF-8 
java_command: GUI.MainForm
java_class_path (initial): E:\Workspace\Java\File_Explorer\bin
Launcher Type: SUN_STANDARD

[Global flags]
     intx CICompilerCount                          = 3                                         {product} {ergonomic}
     uint ConcGCThreads                            = 1                                         {product} {ergonomic}
     uint G1ConcRefinementThreads                  = 4                                         {product} {ergonomic}
   size_t G1HeapRegionSize                         = 1048576                                   {product} {ergonomic}
    uintx GCDrainStackTargetSize                   = 64                                        {product} {ergonomic}
   size_t InitialHeapSize                          = 134217728                                 {product} {ergonomic}
   size_t MarkStackSize                            = 4194304                                   {product} {ergonomic}
   size_t MaxHeapSize                              = 2139095040                                {product} {ergonomic}
   size_t MinHeapDeltaBytes                        = 1048576                                   {product} {ergonomic}
   size_t MinHeapSize                              = 8388608                                   {product} {ergonomic}
    uintx NonNMethodCodeHeapSize                   = 5832780                                {pd product} {ergonomic}
    uintx NonProfiledCodeHeapSize                  = 122912730                              {pd product} {ergonomic}
    uintx ProfiledCodeHeapSize                     = 122912730                              {pd product} {ergonomic}
    uintx ReservedCodeCacheSize                    = 251658240                              {pd product} {ergonomic}
     bool SegmentedCodeCache                       = true                                      {product} {ergonomic}
   size_t SoftMaxHeapSize                          = 2139095040                             {manageable} {ergonomic}
     bool UseCompressedClassPointers               = true                                 {lp64_product} {ergonomic}
     bool UseCompressedOops                        = true                                 {lp64_product} {ergonomic}
     bool UseG1GC                                  = true                                      {product} {ergonomic}
     bool UseLargePagesIndividualAllocation        = false                                  {pd product} {ergonomic}

Logging:
Log output configuration:
 #0: stdout all=warning uptime,level,tags
 #1: stderr all=off uptime,level,tags

Environment Variables:
PATH=C:/Program Files/Java/jdk-14.0.2/bin/server;C:/Program Files/Java/jdk-14.0.2/bin;C:\Program Files\Microsoft MPI\Bin\;C:\Windows\system32;C:\Windows;C:\Windows\System32\Wbem;C:\Windows\System32\WindowsPowerShell\v1.0\;C:\Windows\System32\OpenSSH\;C:\Program Files\dotnet\;C:\Program Files\Microsoft SQL Server\130\Tools\Binn\;C:\Program Files\Microsoft SQL Server\Client SDK\ODBC\170\Tools\Binn\;C:\Program Files\Microsoft SQL Server\Client SDK\ODBC\130\Tools\Binn\;C:\Program Files (x86)\Microsoft SQL Server\140\Tools\Binn\;C:\Program Files\Microsoft SQL Server\140\Tools\Binn\;C:\Program Files\Microsoft SQL Server\140\DTS\Binn\;C:\Program Files (x86)\Microsoft SQL Server\150\DTS\Binn\;C:\Program Files\Git\cmd;C:\Users\sgooo\AppData\Local\Microsoft\WindowsApps;C:\Users\sgooo\.dotnet\tools;C:\Users\sgooo\AppData\Local\Programs\Microsoft VS Code\bin;C:\Users\sgooo\Desktop;
USERNAME=sgooo
OS=Windows_NT
PROCESSOR_IDENTIFIER=Intel64 Family 6 Model 42 Stepping 7, GenuineIntel



---------------  S Y S T E M  ---------------

OS: Windows 10 , 64 bit Build 19041 (10.0.19041.292)
OS uptime: 0 days 16:54 hours

CPU:total 4 (initial active 4) (2 cores per cpu, 2 threads per core) family 6 model 42 stepping 7, cmov, cx8, fxsr, mmx, sse, sse2, sse3, ssse3, sse4.1, sse4.2, popcnt, avx, clmul, ht, tsc, tscinvbit

Memory: 4k page, system-wide physical 8157M (1972M free)
TotalPageFile size 22397M (AvailPageFile size 75M)
current process WorkingSet (physical memory assigned to process): 10M, peak: 10M
current process commit charge ("private bytes"): 51M, peak: 179M

vm_info: Java HotSpot(TM) 64-Bit Server VM (14.0.2+12-46) for windows-amd64 JRE (14.0.2+12-46), built on Jul  9 2020 00:35:52 by "mach5one" with MS VC++ 15.9 (VS2017)

END.
